[2023-03-08T10:30:27.124] [DEBUG] default - Some debug messages
[2023-03-08T10:30:27.126] [INFO] default - Some info messages
[2023-03-08T10:30:27.127] [WARN] default - Some warning messages
[2023-03-08T10:30:27.127] [ERROR] default - Some error messages
[2023-03-08T10:30:27.128] [FATAL] default - Some fatal messages
[2023-03-08T10:37:48.676] [DEBUG] default - Some debug messages
[2023-03-08T10:37:48.678] [INFO] default - Some info messages
[2023-03-08T10:37:48.679] [WARN] default - Some warning messages
[2023-03-08T10:37:48.679] [ERROR] default - Some error messages
[2023-03-08T10:37:48.679] [FATAL] default - Some fatal messages
[2023-03-08T10:40:21.534] [DEBUG] default - Some debug messages
[2023-03-08T10:40:21.537] [INFO] default - Some info messages
[2023-03-08T10:40:21.537] [WARN] default - Some warning messages
[2023-03-08T10:40:21.537] [ERROR] default - Some error messages
[2023-03-08T10:40:21.538] [FATAL] default - Some fatal messages
[2023-03-08T10:47:59.195] [DEBUG] default - Some debug messages
[2023-03-08T10:47:59.197] [INFO] default - Some info messages
[2023-03-08T10:47:59.197] [WARN] default - Some warning messages
[2023-03-08T10:47:59.198] [ERROR] default - Some error messages
[2023-03-08T10:47:59.198] [FATAL] default - Some fatal messages
[2023-03-08T11:04:42.201] [DEBUG] default - Some debug messages
[2023-03-08T11:04:42.203] [INFO] default - Some info messages
[2023-03-08T11:04:42.204] [WARN] default - Some warning messages
[2023-03-08T11:04:42.204] [ERROR] default - Some error messages
[2023-03-08T11:04:42.205] [FATAL] default - Some fatal messages
[2023-03-08T11:04:42.222] [INFO] default - Ost
[2023-03-08T11:04:56.647] [WARN] default - No path found
[2023-03-08T11:04:56.730] [WARN] default - No path found
[2023-03-08T11:43:30.011] [WARN] default - No path found
